<?xml version="1.0" encoding="UTF-8"?>
<!-- Generated by org.testng.reporters.JUnitReportReporter -->
<testsuite hostname="DESKTOP-2EVVVF8" name="com.bridgelabz.test.LoginTest" tests="1" failures="0" timestamp="20 Jun 2021 05:15:33 GMT" time="13.176" errors="0">
  <testcase name="LoginTest" time="13.176" classname="com.bridgelabz.test.LoginTest"/>
</testsuite>
